proguard-project.txt
# To enable ProGuard in your project, edit project.properties
# to define the proguard.config property as described in that file.
#
# Add project specific ProGuard rules here.
# By default, the flags in this file are appended to flags specified
# in ${sdk.dir}/tools/proguard/proguard-android.txt
# You can edit the include path and order by changing the ProGuard
# include property in project.properties.
#
# For more details, see
#   http://developer.android.com/guide/developing/tools/proguard.html

# Add any project specific keep options here:

-optimizationpasses 5

-libraryjars libs/log4j-1.2.13.jar
-libraryjars libs/android-support-v4.jar
-libraryjars libs/bcprov-jdk15on-151.jar
-libraryjars libs/commons-codec-1.10.jar
-libraryjars libs/commons-logging-1.1.jar
-libraryjars libs/ksoap2-android-assembly-3.0.0-jar-with-dependencies.jar

-dontwarn org.apache.**
-dontwarn org.xmlpull.**
-dontwarn org.kxml2.**
-dontwarn org.ksoap2.**
-dontwarn org.kobjects.**
-dontwarn org.bouncycastle.**

-keep public class * extends android.app.Activity                               # 保持哪些类不被混淆
-keep public class * extends android.app.Application                            # 保持哪些类不被混淆
-keep public class * extends android.app.Service                                # 保持哪些类不被混淆
-keep public class * extends android.content.BroadcastReceiver                  # 保持哪些类不被混淆
-keep public class * extends android.content.ContentProvider                    # 保持哪些类不被混淆
-keep public class * extends android.app.backup.BackupAgentHelper               # 保持哪些类不被混淆
-keep public class * extends android.preference.Preference                      # 保持哪些类不被混淆
-keep public class com.android.vending.licensing.ILicensingService

-keep public class com.youngsee.common.Contants
-keep public class com.youngsee.update.UpdateApkInfo
-keep public class com.youngsee.webservices.SysParam
-keep public class com.youngsee.webservices.XmlParser

-keep class it.sauronsoftware.ftp4j.**
-keep class org.apache.** {*;}
-keep class org.kxml2.** {}
-keep class org.ksoap2.** {*;}
-keep class org.xmlpull.v1.** {*;}
-keep class org.kobjects.**
-keep class android.support.v4.**
-keep interface android.support.v4.app.** {*;}

-keep class com.youngsee.webservices.** {*;}
-keep class com.youngsee.osd.OsdSubMenuFragment {*;}

-keepclasseswithmembernames class * {                                           # 保持 native 方法不被混淆
    native <methods>;
}

-keepclasseswithmembers class * {                                               # 保持自定义控件类不被混淆
    public <init>(android.content.Context, android.util.AttributeSet);
}

-keepclasseswithmembers class * {
    public <init>(android.content.Context, android.util.AttributeSet, int);     # 保持自定义控件类不被混淆
}

-keepclassmembers class * extends android.app.Activity {                        # 保持自定义控件类不被混淆
   public void *(android.view.View);
}

-keepclassmembers enum * {                                                      # 保持枚举 enum 类不被混淆
    public static **[] values();
    public static ** valueOf(java.lang.String);
}

-keep class * implements android.os.Parcelable {                                # 保持 Parcelable 不被混淆
  public static final android.os.Parcelable$Creator *;
}

# If your project uses WebView with JS, uncomment the following
# and specify the fully qualified class name to the JavaScript interface
# class:
-keepclassmembers class fqcn.of.javascript.interface.for.webview {
   public *;
}