proguard/seeds.txt
com.youngsee.posterdisplayer.BootBroadcastReceiver
com.youngsee.posterdisplayer.BootBroadcastReceiver: BootBroadcastReceiver()
com.youngsee.posterdisplayer.PopSubService
com.youngsee.posterdisplayer.PopSubService: PopSubService()
com.youngsee.posterdisplayer.PosterApplication
com.youngsee.posterdisplayer.PosterApplication: PosterApplication()
com.youngsee.posterdisplayer.PosterMainActivity
com.youngsee.posterdisplayer.PosterMainActivity: PosterMainActivity()
com.youngsee.posterdisplayer.PosterOsdActivity
com.youngsee.posterdisplayer.PosterOsdActivity: PosterOsdActivity()
com.youngsee.posterdisplayer.R$anim: int in
com.youngsee.posterdisplayer.R$anim: int loading_animation
com.youngsee.posterdisplayer.R$anim: int out
com.youngsee.posterdisplayer.R$array: int testImageThumbUrls
com.youngsee.posterdisplayer.R$array: int testSubWndNames
com.youngsee.posterdisplayer.R$attr: int buttonBarButtonStyle
com.youngsee.posterdisplayer.R$attr: int buttonBarStyle
com.youngsee.posterdisplayer.R$color: int aliceblue
com.youngsee.posterdisplayer.R$color: int antiquewhite
com.youngsee.posterdisplayer.R$color: int aqua
com.youngsee.posterdisplayer.R$color: int aquamarine
com.youngsee.posterdisplayer.R$color: int azure
com.youngsee.posterdisplayer.R$color: int background
com.youngsee.posterdisplayer.R$color: int beige
com.youngsee.posterdisplayer.R$color: int bisque
com.youngsee.posterdisplayer.R$color: int black
com.youngsee.posterdisplayer.R$color: int black_overlay
com.youngsee.posterdisplayer.R$color: int blanchedalmond
com.youngsee.posterdisplayer.R$color: int blue
com.youngsee.posterdisplayer.R$color: int blueviolet
com.youngsee.posterdisplayer.R$color: int brown
com.youngsee.posterdisplayer.R$color: int btn_normal
com.youngsee.posterdisplayer.R$color: int btn_select
com.youngsee.posterdisplayer.R$color: int burlywood
com.youngsee.posterdisplayer.R$color: int c_about
com.youngsee.posterdisplayer.R$color: int c_clock
com.youngsee.posterdisplayer.R$color: int c_filemanage
com.youngsee.posterdisplayer.R$color: int c_network
com.youngsee.posterdisplayer.R$color: int c_server
com.youngsee.posterdisplayer.R$color: int c_system
com.youngsee.posterdisplayer.R$color: int c_tools
com.youngsee.posterdisplayer.R$color: int cadetblue
com.youngsee.posterdisplayer.R$color: int chartreuse
com.youngsee.posterdisplayer.R$color: int chocolate
com.youngsee.posterdisplayer.R$color: int control_back
com.youngsee.posterdisplayer.R$dimen: int activity_horizontal_margin
com.youngsee.posterdisplayer.R$dimen: int activity_vertical_margin
com.youngsee.posterdisplayer.R$dimen: int padingBottom
com.youngsee.posterdisplayer.R$dimen: int padingLeft
com.youngsee.posterdisplayer.R$dimen: int padingRight
com.youngsee.posterdisplayer.R$dimen: int padingTop
com.youngsee.posterdisplayer.R$dimen: int system
com.youngsee.posterdisplayer.R$dimen: int system_gap
...
org.apache.log4j.lf5.viewer.LogTable
org.apache.log4j.lf5.viewer.LogTable: int _rowHeight
org.apache.log4j.lf5.viewer.LogTable: javax.swing.JTextArea _detailTextArea
org.apache.log4j.lf5.viewer.LogTable: int _numCols
org.apache.log4j.lf5.viewer.LogTable: javax.swing.table.TableColumn[] _tableColumns
org.apache.log4j.lf5.viewer.LogTable: int[] _colWidths
org.apache.log4j.lf5.viewer.LogTable: org.apache.log4j.lf5.viewer.LogTableColumn[] _colNames
org.apache.log4j.lf5.viewer.LogTable: int _colDate
org.apache.log4j.lf5.viewer.LogTable: int _colThread
org.apache.log4j.lf5.viewer.LogTable: int _colMessageNum
org.apache.log4j.lf5.viewer.LogTable: int _colLevel
org.apache.log4j.lf5.viewer.LogTable: int _colNDC
org.apache.log4j.lf5.viewer.LogTable: int _colCategory
org.apache.log4j.lf5.viewer.LogTable: int _colMessage
org.apache.log4j.lf5.viewer.LogTable: int _colLocation
org.apache.log4j.lf5.viewer.LogTable: int _colThrown
org.apache.log4j.lf5.viewer.LogTable: org.apache.log4j.lf5.util.DateFormatManager _dateFormatManager
org.apache.log4j.lf5.viewer.LogTable: LogTable(javax.swing.JTextArea)
org.apache.log4j.lf5.viewer.LogTable: org.apache.log4j.lf5.util.DateFormatManager getDateFormatManager()
org.apache.log4j.lf5.viewer.LogTable: void setDateFormatManager(org.apache.log4j.lf5.util.DateFormatManager)
org.apache.log4j.lf5.viewer.LogTable: void clearLogRecords()
org.apache.log4j.lf5.viewer.LogTable$LogTableListSelectionListener
org.apache.log4j.lf5.viewer.LogTable$LogTableListSelectionListener: javax.swing.JTable _table
org.apache.log4j.lf5.viewer.LogTable$LogTableListSelectionListener: org.apache.log4j.lf5.viewer.LogTable this$0
org.apache.log4j.lf5.viewer.LogTable$LogTableListSelectionListener: LogTable$LogTableListSelectionListener(org.apache.log4j.lf5.viewer.LogTable,javax.swing.JTable)
org.apache.log4j.lf5.viewer.LogTable$LogTableListSelectionListener: void valueChanged(javax.swing.event.ListSelectionEvent)
org.apache.log4j.lf5.viewer.LogTableColumn
org.apache.log4j.lf5.viewer.LogTableColumn: org.apache.log4j.lf5.viewer.LogTableColumn DATE
org.apache.log4j.lf5.viewer.LogTableColumn: org.apache.log4j.lf5.viewer.LogTableColumn THREAD
org.apache.log4j.lf5.viewer.LogTableColumn: org.apache.log4j.lf5.viewer.LogTableColumn MESSAGE_NUM
org.apache.log4j.lf5.viewer.LogTableColumn: org.apache.log4j.lf5.viewer.LogTableColumn LEVEL
org.apache.log4j.lf5.viewer.LogTableColumn: org.apache.log4j.lf5.viewer.LogTableColumn NDC
org.apache.log4j.lf5.viewer.LogTableColumn: org.apache.log4j.lf5.viewer.LogTableColumn CATEGORY
org.apache.log4j.lf5.viewer.LogTableColumn: org.apache.log4j.lf5.viewer.LogTableColumn MESSAGE
org.apache.log4j.lf5.viewer.LogTableColumn: org.apache.log4j.lf5.viewer.LogTableColumn LOCATION
org.apache.log4j.lf5.viewer.LogTableColumn: org.apache.log4j.lf5.viewer.LogTableColumn THROWN
org.apache.log4j.lf5.viewer.LogTableColumn: java.lang.String _label
org.apache.log4j.lf5.viewer.LogTableColumn: org.apache.log4j.lf5.viewer.LogTableColumn[] _log4JColumns
org.apache.log4j.lf5.viewer.LogTableColumn: java.util.Map _logTableColumnMap
org.apache.log4j.lf5.viewer.LogTableColumn: LogTableColumn(java.lang.String)
org.apache.log4j.lf5.viewer.LogTableColumn: java.lang.String getLabel()
org.apache.log4j.lf5.viewer.LogTableColumn: org.apache.log4j.lf5.viewer.LogTableColumn valueOf(java.lang.String)
org.apache.log4j.lf5.viewer.LogTableColumn: boolean equals(java.lang.Object)
org.apache.log4j.lf5.viewer.LogTableColumnFormatException
org.apache.log4j.lf5.viewer.LogTableColumnFormatException: LogTableColumnFormatException(java.lang.String)
org.apache.log4j.lf5.viewer.LogTableModel
org.apache.log4j.lf5.viewer.LogTableModel: LogTableModel(java.lang.Object[],int)
org.apache.log4j.lf5.viewer.LogTableModel: boolean isCellEditable(int,int)