proguard/mapping.txt
com.youngsee.posterdisplayer.BootBroadcastReceiver -> com.youngsee.posterdisplayer.BootBroadcastReceiver:
    void onReceive(android.content.Context,android.content.Intent) -> onReceive
com.youngsee.posterdisplayer.PopSubService -> com.youngsee.posterdisplayer.PopSubService:
    android.view.View view -> a
    boolean viewAdded -> b
    android.view.WindowManager windowManager -> c
    android.view.WindowManager$LayoutParams layoutParams -> d
    com.youngsee.common.AutoScroll auto -> e
    android.os.Handler mHandler -> f
    android.os.IBinder onBind(android.content.Intent) -> onBind
    void onCreate() -> onCreate
    void refresh(int,int,java.lang.String,int,int,android.graphics.Typeface) -> a
    void onStart(android.content.Intent,int) -> onStart
    void removeView() -> a
    void onDestroy() -> onDestroy
    android.os.Handler access$0(com.youngsee.posterdisplayer.PopSubService) -> a
com.youngsee.posterdisplayer.PopSubService$1 -> com.youngsee.posterdisplayer.a:
    com.youngsee.posterdisplayer.PopSubService this$0 -> a
    void handleMessage(android.os.Message) -> handleMessage
com.youngsee.posterdisplayer.PopSubService$2 -> com.youngsee.posterdisplayer.b:
    com.youngsee.posterdisplayer.PopSubService this$0 -> a
    void onStopped() -> a
com.youngsee.posterdisplayer.PosterApplication -> com.youngsee.posterdisplayer.PosterApplication:
    com.youngsee.common.Logger logger -> b
    com.youngsee.posterdisplayer.PosterApplication INSTANCE -> c
    byte[] mEthMac -> d
    java.lang.String mCpuId -> e
    int mScreenWidth -> f
    int mScreenHeight -> g
    java.lang.String mSysParamFullPath -> h
    java.lang.String mAPKUpdateFullPath -> i
    java.lang.String mSysParamBackupFullPath -> j
    java.lang.String mStandbyScreenImgFullPath -> k
    java.lang.String mStartUpScreenImgFullPath -> l
    java.lang.String mCaptureScreenImgFullPath -> m
    java.lang.String mTempFolderFullPath -> n
    com.youngsee.webservices.SysParam mSysParam -> o
    java.lang.Object mSysParamLock -> a
    android.support.v4.util.LruCache mImgMemoryCache -> p
    com.youngsee.common.DiskLruCache mImgDiskCache -> q
    java.util.Timer mDelPeriodFileTimer -> r
    java.util.Timer mUploadLogTimer -> s
    android.app.AlarmManager mAlarmManager -> t
    com.youngsee.posterdisplayer.PosterApplication getInstance() -> a
    void onCreate() -> onCreate
    void initAppParam() -> b
    java.lang.String getKernelVersion() -> c
    int getVerCode() -> d
    java.lang.String getVerName() -> e
    void setScreenHeight(int) -> a
    void setScreenWidth(int) -> b
    int getScreenHeigth() -> f
    int getScreenWidth() -> g
    void addBitmapToMemoryCache(java.lang.String,android.graphics.Bitmap) -> a
com.youngsee.posterdisplayer.PosterApplication$1 -> com.youngsee.posterdisplayer.c:
    com.youngsee.posterdisplayer.PosterApplication this$0 -> a
    int sizeOf(java.lang.String,android.graphics.Bitmap) -> a
    int sizeOf(java.lang.Object,java.lang.Object) -> b
com.youngsee.posterdisplayer.PosterApplication$2 -> com.youngsee.posterdisplayer.d:
    com.youngsee.posterdisplayer.PosterApplication this$0 -> a
    void run() -> run
com.youngsee.posterdisplayer.PosterApplication$3 -> com.youngsee.posterdisplayer.e:
    com.youngsee.posterdisplayer.PosterApplication this$0 -> a
    void run() -> run
com.youngsee.posterdisplayer.PosterApplication$3$1 -> com.youngsee.posterdisplayer.f:
    com.youngsee.posterdisplayer.PosterApplication$3 this$1 -> a
    void started(java.lang.String,long) -> started
    void aborted() -> aborted
    void progress(long) -> progress
    void completed() -> completed
    void failed() -> failed
...
com.youngsee.common.DiskLruCache$1 -> com.youngsee.common.e:
    boolean accept(java.io.File,java.lang.String) -> accept
com.youngsee.common.FileUtils -> com.youngsee.common.f:
    com.youngsee.common.Logger logger -> a
    java.lang.String getDiskSpace() -> a
    java.lang.String getDiskUseSpace() -> b
    java.lang.String getHardDiskPath() -> c
    java.lang.String getExternalStorage() -> d
    java.lang.String formatPath4File(java.lang.String) -> a
    java.lang.String formatPath4FTP(java.lang.String) -> b
    void createDir(java.lang.String) -> c
    long getFileLength(java.lang.String) -> d
    java.lang.String getFileAbsolutePath(java.lang.String) -> e
    java.lang.String getFilename(java.lang.String) -> f
    java.lang.String getFileExtensionName(java.lang.String) -> g
    boolean getFileList(java.util.HashMap,java.lang.String,boolean) -> a
    java.lang.String getFileListString(java.lang.String,boolean) -> a
    boolean isGifFile(java.lang.String) -> h
    boolean delDir(java.lang.String) -> i
    boolean copyDirFilesTo(java.lang.String,java.lang.String) -> a
    java.io.File createFile(java.lang.String) -> j
    boolean delFile(java.io.File) -> a
    boolean copyFileTo(java.io.File,java.io.File) -> a
    boolean moveFileTo(java.io.File,java.io.File) -> b
    boolean isExist(java.lang.String) -> k
    boolean isSDCardMount() -> e
    java.io.File writeSDFileData(java.lang.String,java.lang.String,boolean) -> a
    void writeCpuIdToSysFile(java.lang.String) -> l
    void writeDevIdToSysFile(byte[]) -> a
com.youngsee.common.LogUtils -> com.youngsee.common.g:
    com.youngsee.common.Logger logger -> a
    android.content.Context mContext -> b
    com.youngsee.common.LogUtils mLogUtilsInstance -> c
    java.util.LinkedList mPlogList -> d
    java.util.LinkedList mSlogList -> e
    com.youngsee.common.LogUtils$LogThread mlogthread -> f
    com.youngsee.common.LogUtils createInstance(android.content.Context) -> a
    com.youngsee.common.LogUtils getInstance() -> a
    void toAddPLog(int,int,java.lang.String,java.lang.String,java.lang.String) -> a
    void toAddSLog(int,int,java.lang.String) -> a
    void startRun() -> b
    void stopRun() -> c
    com.youngsee.common.Logger access$0(com.youngsee.common.LogUtils) -> a
    java.util.LinkedList access$1(com.youngsee.common.LogUtils) -> b
    java.util.LinkedList access$2(com.youngsee.common.LogUtils) -> c
com.youngsee.common.LogUtils$LogThread -> com.youngsee.common.h:
    boolean mIsRun -> b
    java.lang.String mTodayDate -> c
    java.lang.String mpLogPath -> d
    java.lang.String msLogPath -> e
    com.youngsee.common.LogUtils this$0 -> a
    void setRunFlag(boolean) -> a
    void run() -> run
    java.lang.String setPlayLogPath() -> a
    java.lang.String setSystemLogPath() -> b
com.youngsee.common.Logger -> com.youngsee.common.i:
    java.lang.String getFunctionName() -> a
    void i(java.lang.Object) -> a
    void d(java.lang.Object) -> b
    void w(java.lang.Object) -> c
    void e(java.lang.Object) -> d