proguard/usage.txt
com.youngsee.posterdisplayer.BuildConfig
com.youngsee.posterdisplayer.PopSubService:
    public static final int EVENT_STOPSELF
    public static final java.lang.String DURATION
    public static final java.lang.String NUMBER
    public static final java.lang.String TEXT
    public static final java.lang.String FONTNAME
    public static final java.lang.String FONTCOLOR
    public static final java.lang.String SPEED
com.youngsee.posterdisplayer.PopSubService$2:
    83:83:public void onStarted()
com.youngsee.posterdisplayer.PosterApplication:
    private static final int DISK_CACHE_SIZE
    public static final java.lang.String LOCAL_CONFIG_FILENAME
    public static final java.lang.String LOCAL_CAST_FILENAME_T
    public static final java.lang.String LOCAL_NORMAL_PLAYLIST_FILENAME
    public static final java.lang.String LOCAL_CASTE_FILENAME_T
    public static final java.lang.String LOCAL_EMGCY_PLAYLIST_FILENAME
    public static final java.lang.String LOCAL_SYSTEM_LOGNAME
    public static final java.lang.String LOCAL_PLAY_LOGNAME
    public static final java.lang.String DEVICE_ID_FILE_NAME
    public static final java.lang.String CPU_ID_FILE_NAME
    957:992:public static java.lang.String getLatestPgmPathFromUdisk(java.lang.String)
    1461:1475:public void setTimeZone(java.lang.String)
    1478:1512:public void setTime(java.lang.String)
    1589:1590:public static int dip2px(android.content.Context,int)
com.youngsee.posterdisplayer.PosterMainActivity:
    private static final int EVENT_CHECK_SET_ONOFFTIME
com.youngsee.posterdisplayer.PosterOsdActivity:
    public static final java.lang.String OSD_CONFIG
    public static final java.lang.String OSD_PASSWORD
    public static final java.lang.String OSD_ISMEMORY
    public static final int OSD_SERVER_ID
    public static final int OSD_CLOCK_ID
    public static final int OSD_TOOL_ID
    public static final int OSD_ABOUT_ID
    public static final int OSD_SYSTEM_ID
    public static final int OSD_FILEMANAGER_ID
    public static final int OSD_MAIN_ID
    private static final java.lang.String LOGIN_FRAGMENT_TAG
    private static final java.lang.String MAINMENU_FRAGMENT_TAG
    private static final java.lang.String SUBMENU_FRAGMENT_TAG
    private static final int EVENT_OSD_DISMISS
    private static final int EVENT_START_FRAGMENT
com.youngsee.posterdisplayer.R
com.youngsee.posterdisplayer.R$anim
com.youngsee.posterdisplayer.R$array
com.youngsee.posterdisplayer.R$attr
com.youngsee.posterdisplayer.R$color
com.youngsee.posterdisplayer.R$dimen
com.youngsee.posterdisplayer.R$drawable
com.youngsee.posterdisplayer.R$id
com.youngsee.posterdisplayer.R$layout
com.youngsee.posterdisplayer.R$menu
com.youngsee.posterdisplayer.R$string
com.youngsee.posterdisplayer.R$style
com.youngsee.posterdisplayer.R$styleable
com.youngsee.posterdisplayer.UrgentPlayerActivity:
    private static final int EVENT_CHECK_SET_ONOFFTIME
...
org.bouncycastle.crypto.engines.RFC3211WrapEngine
org.bouncycastle.crypto.engines.RFC3394WrapEngine
org.bouncycastle.crypto.engines.RFC5649WrapEngine
org.bouncycastle.crypto.engines.RSABlindedEngine
org.bouncycastle.crypto.engines.RSABlindingEngine
org.bouncycastle.crypto.engines.RSACoreEngine
org.bouncycastle.crypto.engines.RSAEngine
org.bouncycastle.crypto.engines.RijndaelEngine
org.bouncycastle.crypto.engines.SEEDEngine
org.bouncycastle.crypto.engines.SEEDWrapEngine
org.bouncycastle.crypto.engines.Salsa20Engine
org.bouncycastle.crypto.engines.SerpentEngine
org.bouncycastle.crypto.engines.Shacal2Engine
org.bouncycastle.crypto.engines.SkipjackEngine
org.bouncycastle.crypto.engines.TEAEngine
org.bouncycastle.crypto.engines.ThreefishEngine
org.bouncycastle.crypto.engines.ThreefishEngine$Threefish1024Cipher
org.bouncycastle.crypto.engines.ThreefishEngine$Threefish256Cipher
org.bouncycastle.crypto.engines.ThreefishEngine$Threefish512Cipher
org.bouncycastle.crypto.engines.ThreefishEngine$ThreefishCipher
org.bouncycastle.crypto.engines.TwofishEngine
org.bouncycastle.crypto.engines.VMPCEngine
org.bouncycastle.crypto.engines.VMPCKSA3Engine
org.bouncycastle.crypto.engines.XSalsa20Engine
org.bouncycastle.crypto.engines.XTEAEngine
org.bouncycastle.crypto.examples.DESExample
org.bouncycastle.crypto.examples.JPAKEExample
org.bouncycastle.crypto.generators.BaseKDFBytesGenerator
org.bouncycastle.crypto.generators.CramerShoupKeyPairGenerator
org.bouncycastle.crypto.generators.CramerShoupParametersGenerator
org.bouncycastle.crypto.generators.CramerShoupParametersGenerator$ParametersHelper
org.bouncycastle.crypto.generators.DESKeyGenerator
org.bouncycastle.crypto.generators.DESedeKeyGenerator
org.bouncycastle.crypto.generators.DHBasicKeyPairGenerator
org.bouncycastle.crypto.generators.DHKeyGeneratorHelper
org.bouncycastle.crypto.generators.DHKeyPairGenerator
org.bouncycastle.crypto.generators.DHParametersGenerator
org.bouncycastle.crypto.generators.DHParametersHelper
org.bouncycastle.crypto.generators.DSAKeyPairGenerator
org.bouncycastle.crypto.generators.DSAParametersGenerator
org.bouncycastle.crypto.generators.DSTU4145KeyPairGenerator
org.bouncycastle.crypto.generators.ECKeyPairGenerator
org.bouncycastle.crypto.generators.ElGamalKeyPairGenerator
org.bouncycastle.crypto.generators.ElGamalParametersGenerator
org.bouncycastle.crypto.generators.EphemeralKeyPairGenerator
org.bouncycastle.crypto.generators.GOST3410KeyPairGenerator
org.bouncycastle.crypto.generators.GOST3410ParametersGenerator
org.bouncycastle.crypto.generators.HKDFBytesGenerator
org.bouncycastle.crypto.generators.KDF1BytesGenerator
org.bouncycastle.crypto.generators.KDF2BytesGenerator
org.bouncycastle.crypto.generators.KDFCounterBytesGenerator
org.bouncycastle.crypto.generators.KDFDoublePipelineIterationBytesGenerator
org.bouncycastle.crypto.generators.KDFFeedbackBytesGenerator
org.bouncycastle.crypto.generators.MGF1BytesGenerator
org.bouncycastle.crypto.generators.NaccacheSternKeyPairGenerator
org.bouncycastle.crypto.generators.OpenSSLPBEParametersGenerator
org.bouncycastle.crypto.generators.PKCS12ParametersGenerator
org.bouncycastle.crypto.generators.PKCS5S1ParametersGenerator
org.bouncycastle.crypto.generators.PKCS5S2ParametersGenerator
org.bouncycastle.crypto.generators.Poly1305KeyGenerator
org.bouncycastle.crypto.generators.RSABlindingFactorGenerator
org.bouncycastle.crypto.generators.RSAKeyPairGenerator
org.bouncycastle.crypto.generators.SCrypt
org.bouncycastle.crypto.io.CipherIOException
org.bouncycastle.crypto.io.CipherInputStream
org.bouncycastle.crypto.io.CipherOutputStream
org.bouncycastle.crypto.io.DigestInputStream
org.bouncycastle.crypto.io.DigestOutputStream
org.bouncycastle.crypto.io.InvalidCipherTextIOException
org.bouncycastle.crypto.io.MacInputStream
org.bouncycastle.crypto.io.MacOutputStream
org.bouncycastle.crypto.io.SignerInputStream
org.bouncycastle.crypto.io.SignerOutputStream